{
  "RSpec": {
    "coverage": {
      "/Users/tammam/codecore/vancouvertechhub/app/controllers/admin_controller.rb": [
        1,
        null,
        1,
        0,
        null,
        null,
        1,
        0,
        0,
        null,
        null,
        1,
        0,
        0,
        null,
        null,
        1,
        0,
        0,
        0,
        null,
        null,
        1,
        0,
        0,
        null,
        null,
        1,
        0,
        null,
        null
      ],
      "/Users/tammam/codecore/vancouvertechhub/app/controllers/application_controller.rb": [
        1,
        null,
        null,
        1,
        null,
        1,
        8,
        null,
        6,
        null,
        2,
        null,
        null,
        null,
        1,
        37,
        null,
        1,
        null,
        1,
        29,
        null,
        1,
        null,
        1,
        0,
        null,
        null,
        null
      ],
      "/Users/tammam/codecore/vancouvertechhub/spec/controllers/claim_requests_controller_spec.rb": [
        1,
        null,
        1,
        4,
        null,
        1,
        1,
        1,
        1,
        1,
        null,
        null,
        null,
        1,
        1,
        2,
        2,
        null,
        1,
        1,
        1,
        null,
        null,
        null,
        1,
        2,
        2,
        null,
        1,
        1,
        1,
        null,
        null,
        null,
        null,
        null
      ],
      "/Users/tammam/codecore/vancouvertechhub/app/controllers/claim_requests_controller.rb": [
        1,
        1,
        1,
        1,
        null,
        1,
        1,
        1,
        null,
        null,
        1,
        0,
        null,
        0,
        0,
        null,
        0,
        null,
        null,
        null,
        1,
        0,
        0,
        0,
        0,
        0,
        0,
        0,
        0,
        null,
        0,
        null,
        null,
        null,
        1,
        0,
        0,
        0,
        null,
        null,
        1,
        null,
        null,
        1,
        null,
        1,
        2,
        1,
        null,
        null,
        null,
        1,
        2,
        null,
        null,
        1,
        0,
        null,
        null,
        1,
        0,
        null,
        null,
        1,
        0,
        0,
        null,
        0,
        null,
        null,
        null,
        1,
        0,
        null,
        null,
        null
      ],
      "/Users/tammam/codecore/vancouvertechhub/spec/controllers/events_controller_spec.rb": [
        1,
        null,
        1,
        null,
        null
      ],
      "/Users/tammam/codecore/vancouvertechhub/app/controllers/events_controller.rb": [
        1,
        null,
        1,
        0,
        0,
        0,
        null,
        0,
        null,
        null,
        null,
        1,
        0,
        null,
        null,
        1,
        0,
        0,
        0,
        null,
        0,
        null,
        null,
        null,
        1,
        null,
        1,
        0,
        null,
        null,
        null
      ],
      "/Users/tammam/codecore/vancouvertechhub/spec/controllers/home_controller_spec.rb": [
        1,
        null,
        1,
        null,
        null
      ],
      "/Users/tammam/codecore/vancouvertechhub/app/controllers/home_controller.rb": [
        1,
        null,
        1,
        null,
        null,
        null
      ],
      "/Users/tammam/codecore/vancouvertechhub/spec/controllers/news_controller_spec.rb": [
        1,
        null,
        1,
        1,
        1,
        1,
        1,
        null,
        null,
        1,
        null,
        1,
        1,
        null,
        null,
        1,
        null,
        null,
        null,
        1,
        null,
        null,
        null
      ],
      "/Users/tammam/codecore/vancouvertechhub/app/controllers/news_controller.rb": [
        1,
        1,
        2,
        null,
        null
      ],
      "/Users/tammam/codecore/vancouvertechhub/spec/controllers/news_filters_controller_spec.rb": [
        1,
        null,
        1,
        null,
        1,
        1,
        1,
        3,
        null,
        null,
        1,
        4,
        null,
        null,
        1,
        3,
        2,
        2,
        null,
        null,
        null,
        1,
        1,
        3,
        null,
        null,
        1,
        4,
        null,
        null,
        1,
        3,
        2,
        2,
        null,
        null,
        null,
        null,
        1,
        2,
        null,
        1,
        1,
        4,
        null,
        null,
        null
      ],
      "/Users/tammam/codecore/vancouvertechhub/app/controllers/news_filters_controller.rb": [
        1,
        null,
        1,
        6,
        6,
        3,
        null,
        3,
        null,
        null,
        null,
        1,
        1,
        1,
        1,
        null,
        0,
        null,
        null,
        null,
        1,
        null,
        1,
        6,
        null,
        null,
        null
      ],
      "/Users/tammam/codecore/vancouvertechhub/spec/controllers/organizations_controller_spec.rb": [
        1,
        null,
        null,
        null,
        1,
        5,
        5,
        5,
        null,
        1,
        1,
        1,
        2,
        null,
        null,
        1,
        1,
        1,
        null,
        null,
        null,
        1,
        3,
        1,
        1,
        1,
        null,
        1,
        1,
        1,
        null,
        null,
        null,
        null,
        1,
        null,
        1,
        1,
        1,
        1,
        null,
        1,
        1,
        1,
        null,
        null,
        null,
        1,
        3,
        1,
        1,
        1,
        null,
        1,
        1,
        1,
        null,
        null,
        null,
        null,
        4,
        null,
        null,
        1,
        1,
        2,
        2,
        2,
        null,
        1,
        1,
        1,
        null,
        null,
        null,
        null,
        1,
        1,
        1,
        1,
        1,
        null,
        null,
        null,
        1,
        4,
        1,
        1,
        3,
        null,
        null,
        1,
        1,
        1,
        1,
        1,
        null,
        null,
        1,
        1,
        1,
        null,
        null,
        1,
        1,
        1,
        null,
        null,
        null,
        null,
        null
      ],
      "/Users/tammam/codecore/vancouvertechhub/app/controllers/organizations_controller.rb": [
        1,
        1,
        1,
        null,
        1,
        null,
        1,
        1,
        1,
        null,
        1,
        null,
        null,
        1,
        3,
        3,
        null,
        3,
        6,
        3,
        null,
        null,
        null,
        1,
        4,
        2,
        null,
        2,
        null,
        null,
        null,
        1,
        0,
        0,
        0,
        null,
        null,
        null,
        1,
        0,
        0,
        0,
        0,
        null,
        null,
        null,
        1,
        0,
        0,
        null,
        0,
        null,
        null,
        null,
        1,
        0,
        0,
        null,
        null,
        1,
        3,
        0,
        null,
        3,
        3,
        3,
        3,
        null,
        0,
        0,
        null,
        null,
        null,
        1,
        null,
        1,
        4,
        2,
        null,
        2,
        null,
        null,
        null,
        1,
        3,
        null,
        null,
        1,
        0,
        null,
        null,
        1,
        3,
        3,
        3,
        null,
        null
      ],
      "/Users/tammam/codecore/vancouvertechhub/spec/controllers/sessions_controller_spec.rb": [
        1,
        null,
        1,
        null,
        null
      ],
      "/Users/tammam/codecore/vancouvertechhub/app/controllers/sessions_controller.rb": [
        1,
        null,
        1,
        1,
        null,
        null,
        1,
        null,
        null,
        null,
        0,
        null,
        0,
        null,
        0,
        0,
        null,
        null,
        0,
        0,
        null,
        null,
        null,
        1,
        0,
        0,
        null,
        null,
        1,
        null,
        1,
        0,
        null,
        null,
        null
      ],
      "/Users/tammam/codecore/vancouvertechhub/spec/controllers/technologies_controller_spec.rb": [
        1,
        null,
        1,
        null,
        null
      ],
      "/Users/tammam/codecore/vancouvertechhub/app/controllers/technologies_controller.rb": [
        1,
        1,
        0,
        0,
        0,
        null,
        0,
        null,
        null,
        null,
        1,
        0,
        0,
        0,
        null,
        0,
        null,
        null,
        null,
        1,
        null,
        1,
        0,
        null,
        null,
        null
      ],
      "/Users/tammam/codecore/vancouvertechhub/spec/controllers/users/account_verifications_controller_spec.rb": [
        1,
        null,
        1,
        null,
        null
      ],
      "/Users/tammam/codecore/vancouvertechhub/app/controllers/users/account_verifications_controller.rb": [
        1,
        1,
        null,
        null,
        null,
        null,
        null,
        null,
        0,
        null,
        null,
        1,
        0,
        null,
        0,
        0,
        0,
        null,
        null,
        null,
        1,
        0,
        null,
        0,
        0,
        0,
        null,
        0,
        0,
        null,
        null,
        null,
        null,
        null
      ],
      "/Users/tammam/codecore/vancouvertechhub/spec/controllers/users/password_changes_controller_spec.rb": [
        1,
        null,
        1,
        null,
        null
      ],
      "/Users/tammam/codecore/vancouvertechhub/app/controllers/users/password_changes_controller.rb": [
        1,
        1,
        null,
        0,
        null,
        null,
        1,
        null,
        null,
        0,
        null,
        null,
        null,
        null,
        null,
        null,
        null,
        null,
        null,
        null,
        null,
        null,
        null,
        null,
        null,
        null,
        null,
        null,
        null,
        null,
        null,
        null,
        null,
        null,
        null,
        null,
        null,
        null,
        null,
        null,
        null,
        null,
        null,
        0,
        0,
        null,
        0,
        null,
        null,
        null,
        null,
        1,
        1,
        0,
        null,
        null
      ],
      "/Users/tammam/codecore/vancouvertechhub/spec/controllers/users/password_resets_controller_spec.rb": [
        1,
        null,
        1,
        null,
        null
      ],
      "/Users/tammam/codecore/vancouvertechhub/app/controllers/users/password_resets_controller.rb": [
        1,
        1,
        null,
        null,
        1,
        null,
        null,
        null,
        0,
        null,
        0,
        0,
        0,
        null,
        null,
        0,
        0,
        0,
        0,
        null,
        null,
        null,
        1,
        0,
        null,
        null,
        1,
        null,
        0,
        null,
        0,
        0,
        0,
        0,
        null,
        null,
        0,
        null,
        0,
        0,
        0,
        0,
        0,
        null,
        0,
        null,
        null,
        null,
        null,
        null
      ],
      "/Users/tammam/codecore/vancouvertechhub/spec/controllers/users_controller_spec.rb": [
        1,
        null,
        1,
        1,
        1,
        1,
        1,
        null,
        null,
        1,
        1,
        1,
        null,
        null,
        null,
        1,
        1,
        1,
        4,
        null,
        null,
        1,
        1,
        1,
        1,
        1,
        null,
        null,
        null,
        null,
        1,
        4,
        null,
        null,
        1,
        1,
        1,
        null,
        null,
        1,
        1,
        1,
        null,
        null,
        null,
        1,
        1,
        2,
        null,
        null,
        1,
        1,
        1,
        1,
        1,
        null,
        null,
        1,
        1,
        1,
        null,
        null,
        null,
        null,
        null
      ],
      "/Users/tammam/codecore/vancouvertechhub/app/controllers/users_controller.rb": [
        1,
        1,
        2,
        null,
        null,
        1,
        0,
        0,
        null,
        null,
        1,
        6,
        6,
        4,
        4,
        null,
        2,
        null,
        null,
        null,
        null,
        1,
        0,
        null,
        0,
        0,
        null,
        0,
        null,
        null,
        null,
        1,
        0,
        0,
        0,
        0,
        null,
        null,
        1,
        null,
        1,
        6,
        null,
        null,
        null
      ],
      "/Users/tammam/codecore/vancouvertechhub/spec/helpers/admin_helper_spec.rb": [
        1,
        null,
        null,
        null,
        null,
        null,
        null,
        null,
        null,
        null,
        null,
        null,
        1,
        1,
        null
      ],
      "/Users/tammam/codecore/vancouvertechhub/spec/helpers/claim_requests_helper_spec.rb": [
        1,
        null,
        null,
        null,
        null,
        null,
        null,
        null,
        null,
        null,
        null,
        null,
        1,
        1,
        null
      ],
      "/Users/tammam/codecore/vancouvertechhub/spec/helpers/events_helper_spec.rb": [
        1,
        null,
        null,
        null,
        null,
        null,
        null,
        null,
        null,
        null,
        null,
        null,
        1,
        1,
        null
      ],
      "/Users/tammam/codecore/vancouvertechhub/spec/helpers/home_helper_spec.rb": [
        1,
        null,
        null,
        null,
        null,
        null,
        null,
        null,
        null,
        null,
        null,
        null,
        1,
        1,
        null
      ],
      "/Users/tammam/codecore/vancouvertechhub/spec/helpers/news_filters_helper_spec.rb": [
        1,
        null,
        null,
        null,
        null,
        null,
        null,
        null,
        null,
        null,
        null,
        null,
        1,
        1,
        null
      ],
      "/Users/tammam/codecore/vancouvertechhub/spec/helpers/news_helper_spec.rb": [
        1,
        null,
        null,
        null,
        null,
        null,
        null,
        null,
        null,
        null,
        null,
        null,
        1,
        1,
        null
      ],
      "/Users/tammam/codecore/vancouvertechhub/spec/helpers/organizations_helper_spec.rb": [
        1,
        null,
        null,
        null,
        null,
        null,
        null,
        null,
        null,
        null,
        null,
        null,
        1,
        1,
        null
      ],
      "/Users/tammam/codecore/vancouvertechhub/spec/helpers/sessions_helper_spec.rb": [
        1,
        null,
        null,
        null,
        null,
        null,
        null,
        null,
        null,
        null,
        null,
        null,
        1,
        1,
        null
      ],
      "/Users/tammam/codecore/vancouvertechhub/spec/helpers/technologies_helper_spec.rb": [
        1,
        null,
        null,
        null,
        null,
        null,
        null,
        null,
        null,
        null,
        null,
        null,
        1,
        1,
        null
      ],
      "/Users/tammam/codecore/vancouvertechhub/spec/helpers/users/account_verifications_helper_spec.rb": [
        1,
        null,
        null,
        null,
        null,
        null,
        null,
        null,
        null,
        null,
        null,
        null,
        1,
        1,
        null
      ],
      "/Users/tammam/codecore/vancouvertechhub/spec/helpers/users/password_changes_helper_spec.rb": [
        1,
        null,
        null,
        null,
        null,
        null,
        null,
        null,
        null,
        null,
        null,
        null,
        1,
        1,
        null
      ],
      "/Users/tammam/codecore/vancouvertechhub/spec/helpers/users/password_resets_helper_spec.rb": [
        1,
        null,
        null,
        null,
        null,
        null,
        null,
        null,
        null,
        null,
        null,
        null,
        1,
        1,
        null
      ],
      "/Users/tammam/codecore/vancouvertechhub/spec/helpers/users_helper_spec.rb": [
        1,
        null,
        null,
        null,
        null,
        null,
        null,
        null,
        null,
        null,
        null,
        null,
        1,
        1,
        null
      ],
      "/Users/tammam/codecore/vancouvertechhub/spec/jobs/daily_meetup_crawl_job_spec.rb": [
        1,
        null,
        1,
        1,
        null
      ],
      "/Users/tammam/codecore/vancouvertechhub/app/jobs/daily_meetup_crawl_job.rb": [
        1,
        1,
        null,
        1,
        null,
        0,
        0,
        null,
        0,
        0,
        0,
        0,
        0,
        0,
        0,
        0,
        0,
        0,
        0,
        0,
        null,
        null,
        null,
        null,
        null
      ],
      "/Users/tammam/codecore/vancouvertechhub/spec/jobs/fetch_news_job_spec.rb": [
        1,
        null,
        1,
        1,
        null,
        2,
        null,
        1,
        2,
        null,
        null,
        1,
        null,
        1,
        1,
        null,
        1,
        null,
        1,
        1,
        null,
        1,
        null,
        1,
        null,
        1,
        null,
        null,
        1,
        1,
        1,
        1,
        null,
        1,
        1,
        null,
        null,
        null
      ],
      "/Users/tammam/codecore/vancouvertechhub/app/jobs/fetch_news_job.rb": [
        1,
        1,
        null,
        1,
        2,
        2,
        2,
        2,
        null,
        0,
        null,
        null,
        2,
        null,
        null,
        1,
        2,
        2,
        2,
        null,
        2,
        2,
        null,
        null,
        null,
        null,
        null,
        null,
        null,
        0,
        0,
        null,
        null,
        2,
        2,
        2,
        null,
        0,
        0,
        null,
        null,
        null,
        null
      ],
      "/Users/tammam/codecore/vancouvertechhub/spec/mailers/account_verifications_mailer_spec.rb": [
        1,
        null,
        1,
        1,
        null
      ],
      "/Users/tammam/codecore/vancouvertechhub/app/mailers/account_verifications_mailer.rb": [
        1,
        1,
        4,
        null,
        4,
        null,
        null
      ],
      "/Users/tammam/codecore/vancouvertechhub/app/mailers/application_mailer.rb": [
        1,
        1,
        1,
        null
      ],
      "/Users/tammam/codecore/vancouvertechhub/spec/mailers/password_resets_mailer_spec.rb": [
        1,
        null,
        1,
        1,
        null
      ],
      "/Users/tammam/codecore/vancouvertechhub/app/mailers/password_resets_mailer.rb": [
        1,
        1,
        0,
        0,
        null,
        null
      ],
      "/Users/tammam/codecore/vancouvertechhub/spec/models/claim_request_spec.rb": [
        1,
        null,
        1,
        1,
        null
      ],
      "/Users/tammam/codecore/vancouvertechhub/app/models/claim_request.rb": [
        1,
        1,
        1,
        null,
        1,
        1,
        null,
        null
      ],
      "/Users/tammam/codecore/vancouvertechhub/spec/models/event_spec.rb": [
        1,
        null,
        1,
        1,
        null
      ],
      "/Users/tammam/codecore/vancouvertechhub/app/models/event.rb": [
        1,
        null
      ],
      "/Users/tammam/codecore/vancouvertechhub/spec/models/news_article_spec.rb": [
        1,
        null,
        1,
        null,
        1,
        1,
        1,
        1,
        1,
        null,
        null,
        1,
        1,
        1,
        1,
        1,
        null,
        null,
        null
      ],
      "/Users/tammam/codecore/vancouvertechhub/app/models/news_article.rb": [
        1,
        1,
        null,
        1,
        2,
        null,
        null
      ],
      "/Users/tammam/codecore/vancouvertechhub/spec/models/news_filter_spec.rb": [
        1,
        null,
        1,
        null,
        1,
        1,
        1,
        1,
        null,
        1,
        1,
        null,
        1,
        null,
        null,
        null
      ],
      "/Users/tammam/codecore/vancouvertechhub/app/models/news_filter.rb": [
        1,
        1,
        null
      ],
      "/Users/tammam/codecore/vancouvertechhub/spec/models/organization_spec.rb": [
        1,
        null,
        1,
        1,
        null
      ],
      "/Users/tammam/codecore/vancouvertechhub/spec/models/organization_technology_spec.rb": [
        1,
        null,
        1,
        1,
        null
      ],
      "/Users/tammam/codecore/vancouvertechhub/app/models/organization_technology.rb": [
        1,
        1,
        1,
        null,
        1,
        null,
        null
      ],
      "/Users/tammam/codecore/vancouvertechhub/spec/models/technology_spec.rb": [
        1,
        null,
        1,
        1,
        null
      ],
      "/Users/tammam/codecore/vancouvertechhub/app/models/technology.rb": [
        1,
        1,
        1,
        null,
        1,
        null
      ],
      "/Users/tammam/codecore/vancouvertechhub/spec/models/user_spec.rb": [
        1,
        null,
        1,
        1,
        1,
        1,
        1,
        null,
        null,
        1,
        1,
        1,
        null,
        1,
        1,
        1,
        null,
        1,
        1,
        1,
        1,
        null,
        null,
        null,
        null,
        1,
        1,
        1,
        null,
        1,
        null,
        null,
        null,
        null,
        1,
        1,
        1,
        1,
        1,
        null,
        null,
        null,
        null
      ],
      "/Users/tammam/codecore/vancouvertechhub/spec/services/article_parser_spec.rb": [
        1,
        null,
        1,
        null,
        1,
        1,
        1,
        1,
        1,
        null,
        null,
        null,
        null,
        null,
        1,
        null,
        1,
        null,
        null,
        null,
        1,
        1,
        null,
        null,
        1,
        null,
        1,
        null,
        2,
        null,
        null,
        null,
        null,
        1,
        1,
        1,
        1,
        1,
        null,
        1,
        null,
        1,
        null,
        1,
        null,
        null,
        null,
        1,
        1,
        null,
        null,
        1,
        null,
        1,
        null,
        2,
        null,
        null,
        null,
        null,
        1,
        1,
        1,
        1,
        1,
        null,
        1,
        null,
        1,
        1,
        null,
        null,
        null,
        1,
        1,
        null,
        null,
        1,
        null,
        1,
        null,
        2,
        null,
        null,
        null,
        null,
        1,
        1,
        1,
        1,
        null,
        1,
        1,
        null,
        1,
        1,
        null,
        null,
        null,
        1,
        1,
        null,
        null,
        1,
        null,
        1,
        null,
        2,
        null,
        null,
        null,
        null,
        1,
        2,
        1,
        1,
        1,
        1,
        1,
        null,
        1,
        null,
        null,
        null,
        1,
        1,
        null,
        1,
        1,
        null,
        1,
        null,
        null,
        1,
        1,
        null,
        null,
        1,
        null,
        1,
        null,
        2,
        null,
        null,
        null,
        null
      ],
      "/Users/tammam/codecore/vancouvertechhub/app/services/article_parser.rb": [
        null,
        1,
        1,
        1,
        null,
        1,
        13,
        null,
        null,
        1,
        4,
        null,
        null,
        1,
        11,
        null,
        null,
        1,
        4,
        null,
        null,
        1,
        4,
        null,
        null,
        1,
        null,
        null,
        null,
        null,
        null,
        7,
        7,
        null,
        null
      ],
      "/Users/tammam/codecore/vancouvertechhub/app/services/users/sign_up.rb": [
        1,
        1,
        null,
        1,
        null,
        1,
        null,
        1,
        6,
        6,
        null,
        null,
        1,
        null,
        1,
        4,
        4,
        4,
        null,
        null,
        null
      ]
    },
    "timestamp": 1464302346
  }
}
